0 info it worked if it ends with ok
1 verbose cli [ 'C:\\Program Files\\nodejs\\\\node.exe',
1 verbose cli   'C:\\Program Files\\nodejs\\node_modules\\npm\\bin\\npm-cli.js',
1 verbose cli   'start' ]
2 info using npm@1.2.17
3 info using node@v0.10.3
4 verbose node symlink C:\Program Files\nodejs\\node.exe
5 verbose read json C:\Users\freekode\Dropbox\devel\utils\status-server\package.json
6 verbose run-script [ 'prestart', 'start', 'poststart' ]
7 info prestart status-server.builder@
8 verbose unsafe-perm in lifecycle true
9 silly exec cmd "/c" "grunt.cmd"
10 silly cmd,/c,grunt.cmd,C:\Users\freekode\Dropbox\devel\utils\status-server spawning
11 info start status-server.builder@
12 verbose unsafe-perm in lifecycle true
13 silly exec cmd "/c" "node app/node.js"
14 silly cmd,/c,node app/node.js,C:\Users\freekode\Dropbox\devel\utils\status-server spawning
15 info status-server.builder@ Failed to exec start script
16 error status-server.builder@ start: `node app/node.js`
16 error `cmd "/c" "node app/node.js"` failed with 8
17 error Failed at the status-server.builder@ start script.
17 error This is most likely a problem with the status-server.builder package,
17 error not with npm itself.
17 error Tell the author that this fails on your system:
17 error     node app/node.js
17 error You can get their info via:
17 error     npm owner ls status-server.builder
17 error There is likely additional logging output above.
18 error System Windows_NT 6.1.7601
19 error command "C:\\Program Files\\nodejs\\\\node.exe" "C:\\Program Files\\nodejs\\node_modules\\npm\\bin\\npm-cli.js" "start"
20 error cwd C:\Users\freekode\Dropbox\devel\utils\status-server
21 error node -v v0.10.3
22 error npm -v 1.2.17
23 error code ELIFECYCLE
24 verbose exit [ 1, true ]
